#
# Copyright (c) 2009 Nokia Corporation and/or its subsidiary(-ies).
# All rights reserved.
# This component and the accompanying materials are made available
# under the terms of "Eclipse Public License v1.0"
# which accompanies this distribution, and is available
# at the URL "http://www.eclipse.org/legal/epl-v10.html".
#
# Initial Contributors:
# Nokia Corporation - initial contribution.
#
# Contributors:
#
# Description: 
#

component	wap-browser_wappush
source	\sf\mw\messagingmw\messagingfw\wappushfw
binary	\sf\mw\messagingmw\messagingfw\wappushfw\group	all
exports	\sf\mw\messagingmw\messagingfw\wappushfw\group
notes_source	\component_defs\release.src


ipr E 
ipr T \sf\mw\messagingmw\messagingfw\wappushfw\examples\PushAppHandlerEx\test
ipr T \sf\mw\messagingmw\messagingfw\wappushfw\plugins\ROAppHandler
ipr T \sf\mw\messagingmw\messagingfw\wappushfw\PushMsgEntry\test
ipr T \sf\mw\messagingmw\messagingfw\wappushfw\pushmtm\test
ipr T \sf\mw\messagingmw\messagingfw\wappushfw\pushutils\test
ipr T \sf\mw\messagingmw\messagingfw\wappushfw\pushwatcher\test
ipr T \sf\mw\messagingmw\messagingfw\wappushfw\ROAPTContentHandler
ipr T \sf\mw\messagingmw\messagingfw\wappushfw\ROContentHandler
ipr T \sf\mw\messagingmw\messagingfw\wappushfw\tpush
ipr T \sf\mw\messagingmw\messagingfw\wappushfw\tpushscriptbased

