#
# Copyright (c) 2009 Nokia Corporation and/or its subsidiary(-ies).
# All rights reserved.
# This component and the accompanying materials are made available
# under the terms of "Eclipse Public License v1.0"
# which accompanies this distribution, and is available
# at the URL "http://www.eclipse.org/legal/epl-v10.html".
#
# Initial Contributors:
# Nokia Corporation - initial contribution.
#
# Contributors:
#
# Description: 
#

component	http_examples
source	\sf\mw\netprotocols\applayerprotocols\httpexamples
binary	\sf\mw\netprotocols\applayerprotocols\httpexamples\group	all
exports	\sf\mw\netprotocols\applayerprotocols\httpexamples\group


notes_source	\component_defs\release.src

ipr F
ipr T \sf\mw\netprotocols\applayerprotocols\httpexamples\PipeliningConfigFilter\Test
ipr T \sf\mw\netprotocols\applayerprotocols\httpexamples\t_securitypolicy\test
ipr T \sf\mw\netprotocols\applayerprotocols\httpexamples\T_TestFilters
ipr T \sf\mw\netprotocols\applayerprotocols\httpexamples\TestWebBrowser\htmlparserplugin\test
ipr T \sf\mw\netprotocols\applayerprotocols\httpexamples\uaprof\uaproffilter
