#
# Copyright (c) 2009 Nokia Corporation and/or its subsidiary(-ies).
# All rights reserved.
# This component and the accompanying materials are made available
# under the terms of "Eclipse Public License v1.0"
# which accompanies this distribution, and is available
# at the URL "http://www.eclipse.org/legal/epl-v10.html".
#
# Initial Contributors:
# Nokia Corporation - initial contribution.
#
# Contributors:
#
# Description: 
#

component	messaging_framework

source  \sf\mw\messagingmw\messagingfw\msgsrvnstore

source	\sf\mw\messagingmw\messagingfw\msgsrvnstore\group\msgerr.ra
source	\sf\mw\messagingmw\messagingfw\msgsrvnstore\group\msgerr.rls
source	\sf\mw\messagingmw\messagingfw\msgsrvnstore\group\GtMessaging.iby

binary	\sf\mw\messagingmw\messagingfw\msgsrvnstore\group	all
exports	\sf\mw\messagingmw\messagingfw\msgsrvnstore\group	

notes_source	\component_defs\release.src

ipr E 
ipr T \sf\mw\messagingmw\messagingfw\msgsrvnstore\mtmbase\test
ipr T \sf\mw\messagingmw\messagingfw\msgsrvnstore\server\test


